<?xml version="1.0" encoding="UTF-8"?>
<!-- Generated by org.testng.reporters.JUnitXMLReporter -->
<testsuite hostname="MOB-SKCL-DP108" name="Default test" tests="1" failures="0" timestamp="23 Jul 2019 06:29:25 GMT" time="0.023" errors="0">
  <testcase name="@BeforeTest main" time="0.0" classname="Mojo.Login">
    <failure type="org.testng.TestNGException" message="
Method main requires 1 parameters but 0 were supplied in the @Configuration annotation.">
      <![CDATA[org.testng.TestNGException: 
Method main requires 1 parameters but 0 were supplied in the @Configuration annotation.
... Removed 20 stack frames]]>
    </failure>
  </testcase> <!-- @BeforeTest main -->
  <testcase name="prod" time="0.0" classname="Mojo.Login">
    <skipped/>
  </testcase> <!-- prod -->
</testsuite> <!-- Default test -->
