<?xml version="1.0" encoding="UTF-8"?>
<testng-results skipped="2" failed="0" total="6" passed="4">
  <reporter-output>
  </reporter-output>
  <suite name="Practise" duration-ms="79168" started-at="2019-03-20T06:44:46Z" finished-at="2019-03-20T06:46:05Z">
    <groups>
    </groups>
    <test name="Test" duration-ms="79168" started-at="2019-03-20T06:44:46Z" finished-at="2019-03-20T06:46:05Z">
      <class name="TestNGprac.Mainclass">
        <test-method status="PASS" signature="Centraized()[pri:0, instance:TestNGprac.Mainclass@591f989e]" name="Centraized" is-config="true" duration-ms="79117" started-at="2019-03-20T12:14:46Z" finished-at="2019-03-20T12:16:05Z">
          <reporter-output>
          </reporter-output>
        </test-method> <!-- Centraized -->
        <test-method status="SKIP" signature="CreateSupplier(org.openqa.selenium.WebDriver, org.openqa.selenium.By)[pri:0, instance:TestNGprac.Mainclass@591f989e]" name="CreateSupplier" duration-ms="0" started-at="2019-03-20T12:16:05Z" finished-at="2019-03-20T12:16:05Z">
          <exception class="org.testng.TestNGException">
            <message>
              <![CDATA[
Method CreateSupplier requires 2 parameters but 0 were supplied in the @Test annotation.]]>
            </message>
            <full-stacktrace>
              <![CDATA[org.testng.TestNGException: 
Method CreateSupplier requires 2 parameters but 0 were supplied in the @Test annotation.
	at org.testng.internal.Parameters.checkParameterTypes(Parameters.java:191)
	at org.testng.internal.Parameters.createParameters(Parameters.java:127)
	at org.testng.internal.Parameters.createParameters(Parameters.java:376)
	at org.testng.internal.Parameters.handleParameters(Parameters.java:451)
	at org.testng.internal.Invoker.handleParameters(Invoker.java:1276)
	at org.testng.internal.Invoker.createParameters(Invoker.java:991)
	at org.testng.internal.Invoker.invokeTestMethods(Invoker.java:1081)
	at org.testng.internal.TestMethodWorker.invokeTestMethods(TestMethodWorker.java:129)
	at org.testng.internal.TestMethodWorker.run(TestMethodWorker.java:112)
	at org.testng.TestRunner.privateRun(TestRunner.java:782)
	at org.testng.TestRunner.run(TestRunner.java:632)
	at org.testng.SuiteRunner.runTest(SuiteRunner.java:366)
	at org.testng.SuiteRunner.runSequentially(SuiteRunner.java:361)
	at org.testng.SuiteRunner.privateRun(SuiteRunner.java:319)
	at org.testng.SuiteRunner.run(SuiteRunner.java:268)
	at org.testng.SuiteRunnerWorker.runSuite(SuiteRunnerWorker.java:52)
	at org.testng.SuiteRunnerWorker.run(SuiteRunnerWorker.java:86)
	at org.testng.TestNG.runSuitesSequentially(TestNG.java:1244)
	at org.testng.TestNG.runSuitesLocally(TestNG.java:1169)
	at org.testng.TestNG.run(TestNG.java:1064)
	at org.testng.remote.RemoteTestNG.run(RemoteTestNG.java:113)
	at org.testng.remote.RemoteTestNG.initAndRun(RemoteTestNG.java:206)
	at org.testng.remote.RemoteTestNG.main(RemoteTestNG.java:177)
]]>
            </full-stacktrace>
          </exception> <!-- org.testng.TestNGException -->
          <reporter-output>
          </reporter-output>
        </test-method> <!-- CreateSupplier -->
      </class> <!-- TestNGprac.Mainclass -->
      <class name="TestNGprac.Class4">
        <test-method status="PASS" signature="checkTest()[pri:0, instance:TestNGprac.Class4@61443d8f]" name="checkTest" duration-ms="16" started-at="2019-03-20T12:16:05Z" finished-at="2019-03-20T12:16:05Z">
          <reporter-output>
          </reporter-output>
        </test-method> <!-- checkTest -->
        <test-method status="PASS" signature="Befortest()[pri:0, instance:TestNGprac.Class4@61443d8f]" name="Befortest" duration-ms="0" started-at="2019-03-20T12:16:05Z" depends-on-methods="TestNGprac.Class4.checkTest" finished-at="2019-03-20T12:16:05Z">
          <reporter-output>
          </reporter-output>
        </test-method> <!-- Befortest -->
        <test-method status="PASS" signature="afterTest()[pri:0, instance:TestNGprac.Class4@61443d8f]" name="afterTest" duration-ms="0" started-at="2019-03-20T12:16:05Z" depends-on-methods="TestNGprac.Class4.checkTest" finished-at="2019-03-20T12:16:05Z">
          <reporter-output>
          </reporter-output>
        </test-method> <!-- afterTest -->
      </class> <!-- TestNGprac.Class4 -->
      <class name="TestNGprac.Generic">
        <test-method status="SKIP" signature="CreateSupplier(org.openqa.selenium.WebDriver, org.openqa.selenium.By)[pri:0, instance:TestNGprac.Generic@61a52fbd]" name="CreateSupplier" duration-ms="0" started-at="2019-03-20T12:16:05Z" finished-at="2019-03-20T12:16:05Z">
          <exception class="org.testng.TestNGException">
            <message>
              <![CDATA[
Method CreateSupplier requires 2 parameters but 0 were supplied in the @Test annotation.]]>
            </message>
            <full-stacktrace>
              <![CDATA[org.testng.TestNGException: 
Method CreateSupplier requires 2 parameters but 0 were supplied in the @Test annotation.
	at org.testng.internal.Parameters.checkParameterTypes(Parameters.java:191)
	at org.testng.internal.Parameters.createParameters(Parameters.java:127)
	at org.testng.internal.Parameters.createParameters(Parameters.java:376)
	at org.testng.internal.Parameters.handleParameters(Parameters.java:451)
	at org.testng.internal.Invoker.handleParameters(Invoker.java:1276)
	at org.testng.internal.Invoker.createParameters(Invoker.java:991)
	at org.testng.internal.Invoker.invokeTestMethods(Invoker.java:1081)
	at org.testng.internal.TestMethodWorker.invokeTestMethods(TestMethodWorker.java:129)
	at org.testng.internal.TestMethodWorker.run(TestMethodWorker.java:112)
	at org.testng.TestRunner.privateRun(TestRunner.java:782)
	at org.testng.TestRunner.run(TestRunner.java:632)
	at org.testng.SuiteRunner.runTest(SuiteRunner.java:366)
	at org.testng.SuiteRunner.runSequentially(SuiteRunner.java:361)
	at org.testng.SuiteRunner.privateRun(SuiteRunner.java:319)
	at org.testng.SuiteRunner.run(SuiteRunner.java:268)
	at org.testng.SuiteRunnerWorker.runSuite(SuiteRunnerWorker.java:52)
	at org.testng.SuiteRunnerWorker.run(SuiteRunnerWorker.java:86)
	at org.testng.TestNG.runSuitesSequentially(TestNG.java:1244)
	at org.testng.TestNG.runSuitesLocally(TestNG.java:1169)
	at org.testng.TestNG.run(TestNG.java:1064)
	at org.testng.remote.RemoteTestNG.run(RemoteTestNG.java:113)
	at org.testng.remote.RemoteTestNG.initAndRun(RemoteTestNG.java:206)
	at org.testng.remote.RemoteTestNG.main(RemoteTestNG.java:177)
]]>
            </full-stacktrace>
          </exception> <!-- org.testng.TestNGException -->
          <reporter-output>
          </reporter-output>
        </test-method> <!-- CreateSupplier -->
      </class> <!-- TestNGprac.Generic -->
      <class name="TestNGprac.Newclass">
        <test-method status="PASS" signature="testNg()[pri:0, instance:TestNGprac.Newclass@66048bfd]" name="testNg" duration-ms="11" started-at="2019-03-20T12:16:05Z" finished-at="2019-03-20T12:16:05Z">
          <reporter-output>
          </reporter-output>
        </test-method> <!-- testNg -->
      </class> <!-- TestNGprac.Newclass -->
    </test> <!-- Test -->
  </suite> <!-- Practise -->
</testng-results>
